<p>I have a psql query that performs odd. I defined a GIN index on the 2 columns that I use now for search:</p>  <pre><code>Indexes: "pk_products" PRIMARY KEY, btree (id) "fk_affiliate_affiliate_product_id" UNIQUE, btree (affiliate_id, affiliate_product_id) "idx_products" btree (merchant_id) "idx_products_affiliates" btree (affiliate_id) "idx_products_brand_id" btree (brand_id) "idx_products_ts" gin (to_tsvector('english'::regconfig, (COALESCE(title, ''::character varying)::text || ' '::text) || COALESCE(description, ''::text))) </code></pre>  <p>If I search for a short word, like 4 characters I get a fast query:</p>  <pre><code>EXPLAIN ANALYZE SELECT p.id, p.price, p.currency, p.images, p.merchant_id FROM products AS p WHERE deleted=false AND to_tsvector('english', p.title || coalesce(p.description, '')) @@ to_tsquery('blue:*') LIMIT 30 OFFSET 0; </code></pre>  <p>Result:</p>  <h2>                                                                             QUERY PLAN</h2>  <pre><code> Limit  (cost=0.00..219.47 rows=30 width=49) (actual time=3.138..40.914 rows=30 loops=1)      -&gt;  Seq Scan on products p  (cost=0.00..41120.86 rows=5621 width=49) (actual time=2.740..40.478 rows=30 loops=1)      Filter: ((NOT deleted) AND (to_tsvector('english'::regconfig, ((title)::text || COALESCE(description, ''::text))) @@ to_tsquery('blue:*'::text)))      Rows Removed by Filter: 153   Total runtime: 40.986 ms   (5 rows) </code></pre>  <p>If I use a longer word:</p>  <pre><code>EXPLAIN ANALYZE SELECT p.id, p.price, p.currency, p.images, p.merchant_id FROM products AS p WHERE deleted=false AND to_tsvector('english', p.title || coalesce(p.description, '')) @@ to_tsquery('turquoise:*') LIMIT 30 OFFSET 0; </code></pre>  <p>The time is increased:</p>  <h2>                                                                           QUERY PLAN</h2>  <pre><code> Limit  (cost=0.00..219.47 rows=30 width=49) (actual time=1.097..1579.187 rows=30 loops=1)    -&gt;  Seq Scan on products p  (cost=0.00..41120.86 rows=5621 width=49) (actual time=1.093..1579.129 rows=30 loops=1)      Filter: ((NOT deleted) AND (to_tsvector('english'::regconfig, ((title)::text || COALESCE(description, ''::text))) @@ to_tsquery('turquoise:*'::text)))      Rows Removed by Filter: 12697  Total runtime: 1579.287 ms  (5 rows) </code></pre>  <p>And if I use "-" in the word the time to get the result is huge:</p>  <pre><code>EXPLAIN ANALYZE SELECT p.id, p.price, p.currency, p.images, p.merchant_id FROM products AS p WHERE deleted=false AND to_tsvector('english', p.title || coalesce(p.description, '')) @@ to_tsquery('turquoise-blue:*') LIMIT 30 OFFSET 0; </code></pre>  <p>The result:</p>  <h2>                                                                             QUERY PLAN</h2>  <pre><code> Limit  (cost=0.00..41120.86 rows=2 width=49) (actual time=31400.164..31400.164 rows=0 loops=1)    -&gt;  Seq Scan on products p  (cost=0.00..41120.86 rows=2 width=49) (actual time=31400.158..31400.158 rows=0 loops=1)      Filter: ((NOT deleted) AND (to_tsvector('english'::regconfig, ((title)::text || COALESCE(description, ''::text))) @@ to_tsquery('turquoise-blue:*'::text)))      Rows Removed by Filter: 281510  Total runtime: 31400.247 ms  (5 rows) </code></pre>  <p>Any ideas are greatly appreciated! Thank you!</p>  <h2>EDIT:</h2>  <p>I think is related to the number of results, a query that has no results takes longer?</p>